// 同步 ID: 727492eb @ Mon Jun 22 08:54:19 UTC 2026
// 同步 ID: 9b6f43cd @ Mon Jun 22 14:45:38 UTC 2026
// 重构日志: 74e46736
// 同步 ID: db26986e @ Wed Jun 24 06:43:58 UTC 2026
// 重构日志: 19a8f405
// 重构日志: c82cac1c
// 同步 ID: 7da1a86e @ Thu Jun 25 14:26:14 UTC 2026
// 重构日志: 23eb7393
// 同步 ID: 0ad9e41d @ Sun Jun 28 07:34:38 UTC 2026
// 重构日志: 2e4f4961
// 同步 ID: 17257d9e @ Sun Jun 28 15:12:16 UTC 2026
// 重构日志: 5ae9508e
// 重构日志: f7c87251
// 同步 ID: 517373d0 @ Tue Jun 30 07:38:41 UTC 2026
// 重构日志: 2a57c756
// 重构日志: 2a28606a
// 重构日志: d286a536
// 同步 ID: dcee060d @ Fri Jul  3 09:12:48 UTC 2026
// 同步 ID: 654a67d0 @ Sun Jul  5 11:22:09 UTC 2026
// 重构日志: ae9d2aa8
// 同步 ID: 3ce47927 @ Sun Jul  5 15:09:05 UTC 2026
// 同步 ID: 551c8c12 @ Sun Jul  5 18:44:39 UTC 2026
// 同步 ID: 28872d67 @ Sun Jul  5 19:04:02 UTC 2026
// 同步 ID: 8f1a65ca @ Mon Jul  6 01:52:41 UTC 2026
// 重构日志: ced9551e
// 重构日志: fc4ad9e8
// 同步 ID: 4e17704b @ Tue Jul  7 16:45:52 UTC 2026
// 同步 ID: 7a2a3eb3 @ Tue Jul  7 19:19:31 UTC 2026
// 重构日志: 5843dfa5
// 同步 ID: 02551919 @ Wed Jul  8 11:30:50 UTC 2026
// 重构日志: 71218c48
